Determining if the pthread_create exist failed with the following output:
Change Dir: /home/lucas/Desktop/dev/build/CMakeFiles/CMakeTmp

Run Build Command:"/usr/bin/make" "cmTC_128af/fast"
/usr/bin/make -f CMakeFiles/cmTC_128af.dir/build.make CMakeFiles/cmTC_128af.dir/build
make[1]: Entering directory '/home/lucas/Desktop/dev/build/CMakeFiles/CMakeTmp'
Building CXX object CMakeFiles/cmTC_128af.dir/CheckSymbolExists.cxx.o
/usr/bin/c++      -o CMakeFiles/cmTC_128af.dir/CheckSymbolExists.cxx.o -c /home/lucas/Desktop/dev/build/CMakeFiles/CMakeTmp/CheckSymbolExists.cxx
Linking CXX executable cmTC_128af
/usr/bin/cmake -E cmake_link_script CMakeFiles/cmTC_128af.dir/link.txt --verbose=1
/usr/bin/c++        CMakeFiles/cmTC_128af.dir/CheckSymbolExists.cxx.o  -o cmTC_128af -rdynamic 
CMakeFiles/cmTC_128af.dir/CheckSymbolExists.cxx.o: In function `main':
CheckSymbolExists.cxx:(.text+0x16): undefined reference to `pthread_create'
collect2: error: ld returned 1 exit status
CMakeFiles/cmTC_128af.dir/build.make:97: recipe for target 'cmTC_128af' failed
make[1]: *** [cmTC_128af] Error 1
make[1]: Leaving directory '/home/lucas/Desktop/dev/build/CMakeFiles/CMakeTmp'
Makefile:126: recipe for target 'cmTC_128af/fast' failed
make: *** [cmTC_128af/fast] Error 2

File /home/lucas/Desktop/dev/build/CMakeFiles/CMakeTmp/CheckSymbolExists.cxx:
/* */
#include <pthread.h>

int main(int argc, char** argv)
{
  (void)argv;
#ifndef pthread_create
  return ((int*)(&pthread_create))[argc];
#else
  (void)argc;
  return 0;
#endif
}

Determining if the function pthread_create exists in the pthreads failed with the following output:
Change Dir: /home/lucas/Desktop/dev/build/CMakeFiles/CMakeTmp

Run Build Command:"/usr/bin/make" "cmTC_40b51/fast"
/usr/bin/make -f CMakeFiles/cmTC_40b51.dir/build.make CMakeFiles/cmTC_40b51.dir/build
make[1]: Entering directory '/home/lucas/Desktop/dev/build/CMakeFiles/CMakeTmp'
Building CXX object CMakeFiles/cmTC_40b51.dir/CheckFunctionExists.cxx.o
/usr/bin/c++     -DCHECK_FUNCTION_EXISTS=pthread_create   -o CMakeFiles/cmTC_40b51.dir/CheckFunctionExists.cxx.o -c /home/lucas/Desktop/dev/build/CMakeFiles/CheckLibraryExists/CheckFunctionExists.cxx
Linking CXX executable cmTC_40b51
/usr/bin/cmake -E cmake_link_script CMakeFiles/cmTC_40b51.dir/link.txt --verbose=1
/usr/bin/c++    -DCHECK_FUNCTION_EXISTS=pthread_create    CMakeFiles/cmTC_40b51.dir/CheckFunctionExists.cxx.o  -o cmTC_40b51 -rdynamic -lpthreads 
/usr/bin/ld: cannot find -lpthreads
collect2: error: ld returned 1 exit status
CMakeFiles/cmTC_40b51.dir/build.make:97: recipe for target 'cmTC_40b51' failed
make[1]: *** [cmTC_40b51] Error 1
make[1]: Leaving directory '/home/lucas/Desktop/dev/build/CMakeFiles/CMakeTmp'
Makefile:126: recipe for target 'cmTC_40b51/fast' failed
make: *** [cmTC_40b51/fast] Error 2


